2015-12-07 20:57:12: -- Analysis Started by User
2015-12-07 20:57:12: L: State file does not exist: C:/Data/hexo/themes/yimouleng/_gsdata_/_file_state_v4._gs
2015-12-07 20:57:12: R: State file does not exist: //Mac/Home/Downloads/yimouleng-blog/_gsdata_/_file_state_v4._gs
2015-12-07 20:57:12: /README.md: Warning: Older file to replace Newer file
2015-12-07 20:57:12: Changes: 104, Conflicts: , CopyTime: , CopyState: /, Errors: , All: 109
2015-12-07 20:57:12: Left to Right: Copy File: 104 
2015-12-07 20:57:12: -- Analysis Complete. Time 00:00:00, Speed: Many files/s
2015-12-07 20:57:12: 
2015-12-07 20:57:24: New _gsdata_ folder(s) created, so rescan all job folders for their ghosts
2015-12-07 20:57:24: == Sync Started by User
2015-12-07 20:57:24: Create Folder '//Mac/Home/Downloads/yimouleng-blog/layout'
2015-12-07 20:57:24: Create Folder '//Mac/Home/Downloads/yimouleng-blog/layout/_partial'
2015-12-07 20:57:24: Create Folder '//Mac/Home/Downloads/yimouleng-blog/layout/_partial/post'
2015-12-07 20:57:24: Create Folder '//Mac/Home/Downloads/yimouleng-blog/source'
2015-12-07 20:57:24: Create Folder '//Mac/Home/Downloads/yimouleng-blog/source/css'
2015-12-07 20:57:24: Create Folder '//Mac/Home/Downloads/yimouleng-blog/source/css/_partial'
2015-12-07 20:57:24: Create Folder '//Mac/Home/Downloads/yimouleng-blog/source/css/_util'
2015-12-07 20:57:24: Create Folder '//Mac/Home/Downloads/yimouleng-blog/source/css/fonts'
2015-12-07 20:57:24: Create Folder '//Mac/Home/Downloads/yimouleng-blog/source/fancybox'
2015-12-07 20:57:24: Create Folder '//Mac/Home/Downloads/yimouleng-blog/source/fancybox/helpers'
2015-12-07 20:57:24: Create Folder '//Mac/Home/Downloads/yimouleng-blog/source/img'
2015-12-07 20:57:24: Create Folder '//Mac/Home/Downloads/yimouleng-blog/source/js'
2015-12-07 20:57:24: Create Folder '//Mac/Home/Downloads/yimouleng-blog/source/resources'
2015-12-07 20:57:24: Copy New 'C:/Data/hexo/themes/yimouleng/_config.yml' -> '//Mac/Home/Downloads/yimouleng-blog/_config.yml'
2015-12-07 20:57:24: Copy New 'C:/Data/hexo/themes/yimouleng/layout/_partial/after-footer.ejs' -> '//Mac/Home/Downloads/yimouleng-blog/layout/_partial/after-footer.ejs'
2015-12-07 20:57:24: Copy New 'C:/Data/hexo/themes/yimouleng/layout/_partial/archive-post.ejs' -> '//Mac/Home/Downloads/yimouleng-blog/layout/_partial/archive-post.ejs'
2015-12-07 20:57:24: Copy New 'C:/Data/hexo/themes/yimouleng/layout/_partial/archive.ejs' -> '//Mac/Home/Downloads/yimouleng-blog/layout/_partial/archive.ejs'
2015-12-07 20:57:24: Copy New 'C:/Data/hexo/themes/yimouleng/layout/_partial/article.ejs' -> '//Mac/Home/Downloads/yimouleng-blog/layout/_partial/article.ejs'
2015-12-07 20:57:24: Copy New 'C:/Data/hexo/themes/yimouleng/layout/_partial/footer.ejs' -> '//Mac/Home/Downloads/yimouleng-blog/layout/_partial/footer.ejs'
2015-12-07 20:57:24: Copy New 'C:/Data/hexo/themes/yimouleng/layout/_partial/google-analytics.ejs' -> '//Mac/Home/Downloads/yimouleng-blog/layout/_partial/google-analytics.ejs'
2015-12-07 20:57:24: Copy New 'C:/Data/hexo/themes/yimouleng/layout/_partial/head.ejs' -> '//Mac/Home/Downloads/yimouleng-blog/layout/_partial/head.ejs'
2015-12-07 20:57:24: Copy New 'C:/Data/hexo/themes/yimouleng/layout/_partial/header.ejs' -> '//Mac/Home/Downloads/yimouleng-blog/layout/_partial/header.ejs'
2015-12-07 20:57:24: Copy New 'C:/Data/hexo/themes/yimouleng/layout/_partial/left-col.ejs' -> '//Mac/Home/Downloads/yimouleng-blog/layout/_partial/left-col.ejs'
2015-12-07 20:57:24: Copy New 'C:/Data/hexo/themes/yimouleng/layout/_partial/mathjax.ejs' -> '//Mac/Home/Downloads/yimouleng-blog/layout/_partial/mathjax.ejs'
2015-12-07 20:57:24: Copy New 'C:/Data/hexo/themes/yimouleng/layout/_partial/mobile-nav.ejs' -> '//Mac/Home/Downloads/yimouleng-blog/layout/_partial/mobile-nav.ejs'
2015-12-07 20:57:24: Copy New 'C:/Data/hexo/themes/yimouleng/layout/_partial/post/category.ejs' -> '//Mac/Home/Downloads/yimouleng-blog/layout/_partial/post/category.ejs'
2015-12-07 20:57:24: Copy New 'C:/Data/hexo/themes/yimouleng/layout/_partial/post/date.ejs' -> '//Mac/Home/Downloads/yimouleng-blog/layout/_partial/post/date.ejs'
2015-12-07 20:57:24: Copy New 'C:/Data/hexo/themes/yimouleng/layout/_partial/post/duoshuo.ejs' -> '//Mac/Home/Downloads/yimouleng-blog/layout/_partial/post/duoshuo.ejs'
2015-12-07 20:57:24: Copy New 'C:/Data/hexo/themes/yimouleng/layout/_partial/post/nav.ejs' -> '//Mac/Home/Downloads/yimouleng-blog/layout/_partial/post/nav.ejs'
2015-12-07 20:57:24: Copy New 'C:/Data/hexo/themes/yimouleng/layout/_partial/post/share.ejs' -> '//Mac/Home/Downloads/yimouleng-blog/layout/_partial/post/share.ejs'
2015-12-07 20:57:24: Copy New 'C:/Data/hexo/themes/yimouleng/layout/_partial/post/tag.ejs' -> '//Mac/Home/Downloads/yimouleng-blog/layout/_partial/post/tag.ejs'
2015-12-07 20:57:24: Copy New 'C:/Data/hexo/themes/yimouleng/layout/_partial/post/title.ejs' -> '//Mac/Home/Downloads/yimouleng-blog/layout/_partial/post/title.ejs'
2015-12-07 20:57:24: Copy New 'C:/Data/hexo/themes/yimouleng/layout/archive.ejs' -> '//Mac/Home/Downloads/yimouleng-blog/layout/archive.ejs'
2015-12-07 20:57:24: Copy New 'C:/Data/hexo/themes/yimouleng/layout/category.ejs' -> '//Mac/Home/Downloads/yimouleng-blog/layout/category.ejs'
2015-12-07 20:57:24: Copy New 'C:/Data/hexo/themes/yimouleng/layout/index.ejs' -> '//Mac/Home/Downloads/yimouleng-blog/layout/index.ejs'
2015-12-07 20:57:24: Copy New 'C:/Data/hexo/themes/yimouleng/layout/layout.ejs' -> '//Mac/Home/Downloads/yimouleng-blog/layout/layout.ejs'
2015-12-07 20:57:24: Copy New 'C:/Data/hexo/themes/yimouleng/layout/page.ejs' -> '//Mac/Home/Downloads/yimouleng-blog/layout/page.ejs'
2015-12-07 20:57:24: Copy New 'C:/Data/hexo/themes/yimouleng/layout/post.ejs' -> '//Mac/Home/Downloads/yimouleng-blog/layout/post.ejs'
2015-12-07 20:57:24: Copy New 'C:/Data/hexo/themes/yimouleng/layout/tag.ejs' -> '//Mac/Home/Downloads/yimouleng-blog/layout/tag.ejs'
2015-12-07 20:57:24: Copy New 'C:/Data/hexo/themes/yimouleng/package.json' -> '//Mac/Home/Downloads/yimouleng-blog/package.json'
2015-12-07 20:57:24: Copy Over 'C:/Data/hexo/themes/yimouleng/README.md' -> '//Mac/Home/Downloads/yimouleng-blog/README.md'
2015-12-07 20:57:25: Copy New 'C:/Data/hexo/themes/yimouleng/source/css/_extend.styl' -> '//Mac/Home/Downloads/yimouleng-blog/source/css/_extend.styl'
2015-12-07 20:57:25: Copy New 'C:/Data/hexo/themes/yimouleng/source/css/_partial/archive.styl' -> '//Mac/Home/Downloads/yimouleng-blog/source/css/_partial/archive.styl'
2015-12-07 20:57:25: Copy New 'C:/Data/hexo/themes/yimouleng/source/css/_partial/article.styl' -> '//Mac/Home/Downloads/yimouleng-blog/source/css/_partial/article.styl'
2015-12-07 20:57:25: Copy New 'C:/Data/hexo/themes/yimouleng/source/css/_partial/footer.styl' -> '//Mac/Home/Downloads/yimouleng-blog/source/css/_partial/footer.styl'
2015-12-07 20:57:25: Copy New 'C:/Data/hexo/themes/yimouleng/source/css/_partial/header.styl' -> '//Mac/Home/Downloads/yimouleng-blog/source/css/_partial/header.styl'
2015-12-07 20:57:25: Copy New 'C:/Data/hexo/themes/yimouleng/source/css/_partial/highlight.styl' -> '//Mac/Home/Downloads/yimouleng-blog/source/css/_partial/highlight.styl'
2015-12-07 20:57:25: Copy New 'C:/Data/hexo/themes/yimouleng/source/css/_partial/instagram.styl' -> '//Mac/Home/Downloads/yimouleng-blog/source/css/_partial/instagram.styl'
2015-12-07 20:57:25: Copy New 'C:/Data/hexo/themes/yimouleng/source/css/_partial/main.styl' -> '//Mac/Home/Downloads/yimouleng-blog/source/css/_partial/main.styl'
2015-12-07 20:57:25: Copy New 'C:/Data/hexo/themes/yimouleng/source/css/_partial/mobile-slider.styl' -> '//Mac/Home/Downloads/yimouleng-blog/source/css/_partial/mobile-slider.styl'
2015-12-07 20:57:25: Copy New 'C:/Data/hexo/themes/yimouleng/source/css/_partial/mobile.styl' -> '//Mac/Home/Downloads/yimouleng-blog/source/css/_partial/mobile.styl'
2015-12-07 20:57:25: Copy New 'C:/Data/hexo/themes/yimouleng/source/css/_partial/page.styl' -> '//Mac/Home/Downloads/yimouleng-blog/source/css/_partial/page.styl'
2015-12-07 20:57:25: Copy New 'C:/Data/hexo/themes/yimouleng/source/css/_partial/scroll.styl' -> '//Mac/Home/Downloads/yimouleng-blog/source/css/_partial/scroll.styl'
2015-12-07 20:57:25: Copy New 'C:/Data/hexo/themes/yimouleng/source/css/_partial/share.styl' -> '//Mac/Home/Downloads/yimouleng-blog/source/css/_partial/share.styl'
2015-12-07 20:57:25: Copy New 'C:/Data/hexo/themes/yimouleng/source/css/_partial/tagcloud.styl' -> '//Mac/Home/Downloads/yimouleng-blog/source/css/_partial/tagcloud.styl'
2015-12-07 20:57:25: Copy New 'C:/Data/hexo/themes/yimouleng/source/css/_partial/wheelmenu.styl' -> '//Mac/Home/Downloads/yimouleng-blog/source/css/_partial/wheelmenu.styl'
2015-12-07 20:57:25: Copy New 'C:/Data/hexo/themes/yimouleng/source/css/_util/grid.styl' -> '//Mac/Home/Downloads/yimouleng-blog/source/css/_util/grid.styl'
2015-12-07 20:57:25: Copy New 'C:/Data/hexo/themes/yimouleng/source/css/_util/mixin.styl' -> '//Mac/Home/Downloads/yimouleng-blog/source/css/_util/mixin.styl'
2015-12-07 20:57:25: Copy New 'C:/Data/hexo/themes/yimouleng/source/css/_variables.styl' -> '//Mac/Home/Downloads/yimouleng-blog/source/css/_variables.styl'
2015-12-07 20:57:25: Copy New 'C:/Data/hexo/themes/yimouleng/source/css/fonts/fontawesome-webfont.eot' -> '//Mac/Home/Downloads/yimouleng-blog/source/css/fonts/fontawesome-webfont.eot'
2015-12-07 20:57:25: Copy New 'C:/Data/hexo/themes/yimouleng/source/css/fonts/fontawesome-webfont.svg' -> '//Mac/Home/Downloads/yimouleng-blog/source/css/fonts/fontawesome-webfont.svg'
2015-12-07 20:57:25: Copy New 'C:/Data/hexo/themes/yimouleng/source/css/fonts/fontawesome-webfont.svgz' -> '//Mac/Home/Downloads/yimouleng-blog/source/css/fonts/fontawesome-webfont.svgz'
2015-12-07 20:57:25: Copy New 'C:/Data/hexo/themes/yimouleng/source/css/fonts/fontawesome-webfont.ttf' -> '//Mac/Home/Downloads/yimouleng-blog/source/css/fonts/fontawesome-webfont.ttf'
2015-12-07 20:57:25: Copy New 'C:/Data/hexo/themes/yimouleng/source/css/fonts/fontawesome-webfont.woff' -> '//Mac/Home/Downloads/yimouleng-blog/source/css/fonts/fontawesome-webfont.woff'
2015-12-07 20:57:25: Copy New 'C:/Data/hexo/themes/yimouleng/source/css/style.styl' -> '//Mac/Home/Downloads/yimouleng-blog/source/css/style.styl'
2015-12-07 20:57:25: Copy New 'C:/Data/hexo/themes/yimouleng/source/fancybox/blank.gif' -> '//Mac/Home/Downloads/yimouleng-blog/source/fancybox/blank.gif'
2015-12-07 20:57:25: Copy New 'C:/Data/hexo/themes/yimouleng/source/fancybox/fancybox_loading.gif' -> '//Mac/Home/Downloads/yimouleng-blog/source/fancybox/fancybox_loading.gif'
2015-12-07 20:57:25: Copy New 'C:/Data/hexo/themes/yimouleng/source/fancybox/fancybox_loading@2x.gif' -> '//Mac/Home/Downloads/yimouleng-blog/source/fancybox/fancybox_loading@2x.gif'
2015-12-07 20:57:25: Copy New 'C:/Data/hexo/themes/yimouleng/source/fancybox/fancybox_overlay.png' -> '//Mac/Home/Downloads/yimouleng-blog/source/fancybox/fancybox_overlay.png'
2015-12-07 20:57:25: Copy New 'C:/Data/hexo/themes/yimouleng/source/fancybox/fancybox_sprite.png' -> '//Mac/Home/Downloads/yimouleng-blog/source/fancybox/fancybox_sprite.png'
2015-12-07 20:57:25: Copy New 'C:/Data/hexo/themes/yimouleng/source/fancybox/fancybox_sprite@2x.png' -> '//Mac/Home/Downloads/yimouleng-blog/source/fancybox/fancybox_sprite@2x.png'
2015-12-07 20:57:25: Copy New 'C:/Data/hexo/themes/yimouleng/source/fancybox/helpers/fancybox_buttons.png' -> '//Mac/Home/Downloads/yimouleng-blog/source/fancybox/helpers/fancybox_buttons.png'
2015-12-07 20:57:25: Copy New 'C:/Data/hexo/themes/yimouleng/source/fancybox/helpers/jquery.fancybox-buttons.css' -> '//Mac/Home/Downloads/yimouleng-blog/source/fancybox/helpers/jquery.fancybox-buttons.css'
2015-12-07 20:57:25: Copy New 'C:/Data/hexo/themes/yimouleng/source/fancybox/helpers/jquery.fancybox-buttons.js' -> '//Mac/Home/Downloads/yimouleng-blog/source/fancybox/helpers/jquery.fancybox-buttons.js'
2015-12-07 20:57:25: Copy New 'C:/Data/hexo/themes/yimouleng/source/fancybox/helpers/jquery.fancybox-media.js' -> '//Mac/Home/Downloads/yimouleng-blog/source/fancybox/helpers/jquery.fancybox-media.js'
2015-12-07 20:57:25: Copy New 'C:/Data/hexo/themes/yimouleng/source/fancybox/helpers/jquery.fancybox-thumbs.css' -> '//Mac/Home/Downloads/yimouleng-blog/source/fancybox/helpers/jquery.fancybox-thumbs.css'
2015-12-07 20:57:25: Copy New 'C:/Data/hexo/themes/yimouleng/source/fancybox/helpers/jquery.fancybox-thumbs.js' -> '//Mac/Home/Downloads/yimouleng-blog/source/fancybox/helpers/jquery.fancybox-thumbs.js'
2015-12-07 20:57:25: Copy New 'C:/Data/hexo/themes/yimouleng/source/fancybox/jquery.fancybox.css' -> '//Mac/Home/Downloads/yimouleng-blog/source/fancybox/jquery.fancybox.css'
2015-12-07 20:57:25: Copy New 'C:/Data/hexo/themes/yimouleng/source/fancybox/jquery.fancybox.js' -> '//Mac/Home/Downloads/yimouleng-blog/source/fancybox/jquery.fancybox.js'
2015-12-07 20:57:25: Copy New 'C:/Data/hexo/themes/yimouleng/source/fancybox/jquery.fancybox.pack.js' -> '//Mac/Home/Downloads/yimouleng-blog/source/fancybox/jquery.fancybox.pack.js'
2015-12-07 20:57:25: Copy New 'C:/Data/hexo/themes/yimouleng/source/img/coderwall.png' -> '//Mac/Home/Downloads/yimouleng-blog/source/img/coderwall.png'
2015-12-07 20:57:25: Copy New 'C:/Data/hexo/themes/yimouleng/source/img/delicious.png' -> '//Mac/Home/Downloads/yimouleng-blog/source/img/delicious.png'
2015-12-07 20:57:25: Copy New 'C:/Data/hexo/themes/yimouleng/source/img/douban.png' -> '//Mac/Home/Downloads/yimouleng-blog/source/img/douban.png'
2015-12-07 20:57:25: Copy New 'C:/Data/hexo/themes/yimouleng/source/img/facebook.png' -> '//Mac/Home/Downloads/yimouleng-blog/source/img/facebook.png'
2015-12-07 20:57:25: Copy New 'C:/Data/hexo/themes/yimouleng/source/img/github.png' -> '//Mac/Home/Downloads/yimouleng-blog/source/img/github.png'
2015-12-07 20:57:25: Copy New 'C:/Data/hexo/themes/yimouleng/source/img/google.png' -> '//Mac/Home/Downloads/yimouleng-blog/source/img/google.png'
2015-12-07 20:57:25: Copy New 'C:/Data/hexo/themes/yimouleng/source/img/img-err.png' -> '//Mac/Home/Downloads/yimouleng-blog/source/img/img-err.png'
2015-12-07 20:57:25: Copy New 'C:/Data/hexo/themes/yimouleng/source/img/img-loading.png' -> '//Mac/Home/Downloads/yimouleng-blog/source/img/img-loading.png'
2015-12-07 20:57:26: Copy New 'C:/Data/hexo/themes/yimouleng/source/img/linkedin.png' -> '//Mac/Home/Downloads/yimouleng-blog/source/img/linkedin.png'
2015-12-07 20:57:26: Copy New 'C:/Data/hexo/themes/yimouleng/source/img/mail.png' -> '//Mac/Home/Downloads/yimouleng-blog/source/img/mail.png'
2015-12-07 20:57:26: Copy New 'C:/Data/hexo/themes/yimouleng/source/img/pinboard.png' -> '//Mac/Home/Downloads/yimouleng-blog/source/img/pinboard.png'
2015-12-07 20:57:26: Copy New 'C:/Data/hexo/themes/yimouleng/source/img/pinterest.png' -> '//Mac/Home/Downloads/yimouleng-blog/source/img/pinterest.png'
2015-12-07 20:57:26: Copy New 'C:/Data/hexo/themes/yimouleng/source/img/rss.png' -> '//Mac/Home/Downloads/yimouleng-blog/source/img/rss.png'
2015-12-07 20:57:26: Copy New 'C:/Data/hexo/themes/yimouleng/source/img/scrollbar_arrow.png' -> '//Mac/Home/Downloads/yimouleng-blog/source/img/scrollbar_arrow.png'
2015-12-07 20:57:26: Copy New 'C:/Data/hexo/themes/yimouleng/source/img/stackoverflow.png' -> '//Mac/Home/Downloads/yimouleng-blog/source/img/stackoverflow.png'
2015-12-07 20:57:26: Copy New 'C:/Data/hexo/themes/yimouleng/source/img/twitter.png' -> '//Mac/Home/Downloads/yimouleng-blog/source/img/twitter.png'
2015-12-07 20:57:26: Copy New 'C:/Data/hexo/themes/yimouleng/source/img/weibo.png' -> '//Mac/Home/Downloads/yimouleng-blog/source/img/weibo.png'
2015-12-07 20:57:26: Copy New 'C:/Data/hexo/themes/yimouleng/source/img/zhihu.png' -> '//Mac/Home/Downloads/yimouleng-blog/source/img/zhihu.png'
2015-12-07 20:57:26: Copy New 'C:/Data/hexo/themes/yimouleng/source/js/instagram.js' -> '//Mac/Home/Downloads/yimouleng-blog/source/js/instagram.js'
2015-12-07 20:57:26: Copy New 'C:/Data/hexo/themes/yimouleng/source/js/jquery.lazyload.js' -> '//Mac/Home/Downloads/yimouleng-blog/source/js/jquery.lazyload.js'
2015-12-07 20:57:26: Copy New 'C:/Data/hexo/themes/yimouleng/source/js/main.js' -> '//Mac/Home/Downloads/yimouleng-blog/source/js/main.js'
2015-12-07 20:57:26: Copy New 'C:/Data/hexo/themes/yimouleng/source/js/mobile.js' -> '//Mac/Home/Downloads/yimouleng-blog/source/js/mobile.js'
2015-12-07 20:57:26: Copy New 'C:/Data/hexo/themes/yimouleng/source/js/pc.js' -> '//Mac/Home/Downloads/yimouleng-blog/source/js/pc.js'
2015-12-07 20:57:26: Copy New 'C:/Data/hexo/themes/yimouleng/source/resources/avatar.jpg' -> '//Mac/Home/Downloads/yimouleng-blog/source/resources/avatar.jpg'
2015-12-07 20:57:26: == Sync Complete. Time: 00:00:02, Speed: 234 KB/s, OK: 104, Errors: 
2015-12-07 20:57:26: 
